<?xml version="1.0" encoding="UTF-8"?>
<!-- Generated by org.testng.reporters.JUnitReportReporter -->
<testsuite skipped="0" hostname="DESKTOP-ESATMPN" name="com.wallethub.facebook.LoginPage.facebookLoginPageTest" tests="1" failures="0" timestamp="05 May 2020 18:18:21 GMT" time="37.413" errors="0">
  <testcase name="login" time="37.413" classname="com.wallethub.facebook.LoginPage.facebookLoginPageTest"/>
</testsuite> <!-- com.wallethub.facebook.LoginPage.facebookLoginPageTest -->
