<?xml version="1.0" encoding="UTF-8"?>
<!-- Generated by org.testng.reporters.JUnitReportReporter -->
<testsuite skipped="0" hostname="DESKTOP-ESATMPN" name="com.wallethub.facebook.LoginPage.facebookLoginPageTest" tests="1" failures="0" timestamp="06 May 2020 15:26:22 GMT" time="47.288" errors="0">
  <testcase name="login" time="47.288" classname="com.wallethub.facebook.LoginPage.facebookLoginPageTest"/>
</testsuite> <!-- com.wallethub.facebook.LoginPage.facebookLoginPageTest -->
