<?xml version="1.0" encoding="UTF-8"?>
<!-- Generated by org.testng.reporters.JUnitReportReporter -->
<testsuite skipped="0" hostname="DESKTOP-ESATMPN" name="com.wallethub.facebook.Test.facebookHomePageTest" tests="1" failures="0" timestamp="08 May 2020 13:36:30 GMT" time="35.169" errors="0">
  <testcase name="faceBook_createpost" time="35.169" classname="com.wallethub.facebook.Test.facebookHomePageTest"/>
</testsuite> <!-- com.wallethub.facebook.Test.facebookHomePageTest -->
