<?xml version="1.0" encoding="UTF-8"?>
<!-- Generated by org.testng.reporters.JUnitReportReporter -->
<testsuite skipped="0" hostname="DESKTOP-ESATMPN" name="com.wallethub.facebook.base.BaseClass" tests="1" failures="0" timestamp="05 May 2020 14:27:26 GMT" time="0.047" errors="0">
  <testcase name="test" time="0.047" classname="com.wallethub.facebook.base.BaseClass"/>
</testsuite> <!-- com.wallethub.facebook.base.BaseClass -->
