<?xml version="1.0" encoding="UTF-8"?>
<!-- Generated by org.testng.reporters.JUnitReportReporter -->
<testsuite skipped="0" hostname="DESKTOP-ESATMPN" name="com.wallethub.facebook.LoginPage.facebookHomePageTest" tests="1" failures="0" timestamp="08 May 2020 08:50:04 GMT" time="35.346" errors="0">
  <testcase name="login" time="35.346" classname="com.wallethub.facebook.LoginPage.facebookHomePageTest"/>
</testsuite> <!-- com.wallethub.facebook.LoginPage.facebookHomePageTest -->
